<?xml version="1.0" encoding="UTF-8"?>
<TestRun id="607dfd0b-affe-4330-bd51-a968e52277b9" name="sandh_000@VAIO 2014-04-23 22:54:18" runUser="VAIO\sandh_000" xmlns="http://microsoft.com/schemas/VisualStudio/TeamTest/2010">
  <TestSettings name="Local" id="d8870dd0-dd74-45eb-ae4c-4bb7677e52f6">
    <Description>These are default test settings for a local test run.</Description>
    <Deployment enabled="false" runDeploymentRoot="sandh_000_VAIO 2014-04-23 22_54_18">
      <DeploymentItem filename="c:\users\sandh_000\documents\visual studio 2010\Projects\uniqueCharStr\uniqueCharStr\bin\Debug\uniqueCharStr.exe" />
    </Deployment>
    <Execution>
      <TestTypeSpecific />
      <AgentRule name="Execution Agents">
      </AgentRule>
    </Execution>
  </TestSettings>
  <Times creation="2014-04-23T22:54:18.1055966-07:00" queuing="2014-04-23T22:54:18.1876463-07:00" start="2014-04-23T22:54:18.1946542-07:00" finish="2014-04-23T22:54:18.6519569-07:00" />
  <ResultSummary outcome="Failed">
    <Counters total="1" executed="1" error="0" failed="1" timeout="0" aborted="0" inconclusive="0" passedButRunAborted="0" notRunnable="0" notExecuted="0" disconnected="0" warning="0" passed="0" completed="0" inProgress="0" pending="0" />
  </ResultSummary>
  <TestDefinitions>
    <UnitTest name="extractTest_Fail" storage="c:\users\sandh_000\documents\visual studio 2010\projects\uniquecharstr\uniquechartest\bin\debug\uniquechartest.dll" id="b6b3ee59-164c-b1ad-3a15-0115ae8838e3">
      <Execution id="402b19c2-dbae-4749-87c9-d680080ae54b" />
      <TestMethod codeBase="c:/users/sandh_000/documents/visual studio 2010/Projects/uniqueCharStr/UniqueCharTest/bin/Debug/UniqueCharTest.DLL" adapterTypeName="Microsoft.VisualStudio.TestTools.TestTypes.Unit.UnitTestAdapter, Microsoft.VisualStudio.QualityTools.Tips.UnitTest.Adapter, Version=10.0.0.0, Culture=neutral, PublicKeyToken=b03f5f7f11d50a3a" className="UniqueCharTest.UniqueTest, UniqueCharTest, Version=1.0.0.0, Culture=neutral, PublicKeyToken=null" name="extractTest_Fail" />
    </UnitTest>
  </TestDefinitions>
  <TestLists>
    <TestList name="Results Not in a List" id="8c84fa94-04c1-424b-9868-57a2d4851a1d" />
    <TestList name="All Loaded Results" id="19431567-8539-422a-85d7-44ee4e166bda" />
  </TestLists>
  <TestEntries>
    <TestEntry testId="b6b3ee59-164c-b1ad-3a15-0115ae8838e3" executionId="402b19c2-dbae-4749-87c9-d680080ae54b" testListId="8c84fa94-04c1-424b-9868-57a2d4851a1d" />
  </TestEntries>
  <Results>
    <UnitTestResult executionId="402b19c2-dbae-4749-87c9-d680080ae54b" testId="b6b3ee59-164c-b1ad-3a15-0115ae8838e3" testName="extractTest_Fail" computerName="VAIO" duration="00:00:00.0602132" startTime="2014-04-23T22:54:18.2046613-07:00" endTime="2014-04-23T22:54:18.6209373-07:00" testType="13cdc9d9-ddb5-4fa4-a97d-d965ccfc6d4b" outcome="Failed" testListId="8c84fa94-04c1-424b-9868-57a2d4851a1d" relativeResultsDirectory="402b19c2-dbae-4749-87c9-d680080ae54b">
      <Output>
        <ErrorInfo>
          <Message>Assert.AreEqual failed. Expected:&lt;KJSH&gt;. Actual:&lt;AKJSH&gt;. </Message>
          <StackTrace>   at UniqueCharTest.UniqueTest.extractTest_Fail() in c:\users\sandh_000\documents\visual studio 2010\Projects\uniqueCharStr\UniqueCharTest\UniqueTest.cs:line 38
</StackTrace>
        </ErrorInfo>
      </Output>
    </UnitTestResult>
  </Results>
</TestRun>