<?xml version="1.0" encoding="UTF-8"?>
<TestRun id="447f7e1a-f525-40e4-ab84-d9bedef9b975" name="sandh_000@VAIO 2014-04-23 22:51:06" runUser="VAIO\sandh_000" xmlns="http://microsoft.com/schemas/VisualStudio/TeamTest/2010">
  <TestSettings name="Local" id="d8870dd0-dd74-45eb-ae4c-4bb7677e52f6">
    <Description>These are default test settings for a local test run.</Description>
    <Deployment enabled="false" runDeploymentRoot="sandh_000_VAIO 2014-04-23 22_51_06">
      <DeploymentItem filename="c:\users\sandh_000\documents\visual studio 2010\Projects\uniqueCharStr\uniqueCharStr\bin\Debug\uniqueCharStr.exe" />
    </Deployment>
    <Execution>
      <TestTypeSpecific />
      <AgentRule name="Execution Agents">
      </AgentRule>
    </Execution>
  </TestSettings>
  <Times creation="2014-04-23T22:51:06.1901263-07:00" queuing="2014-04-23T22:51:08.1631056-07:00" start="2014-04-23T22:51:08.2401571-07:00" finish="2014-04-23T22:51:09.2088963-07:00" />
  <ResultSummary outcome="Completed">
    <Counters total="1" executed="1" passed="1" error="0" failed="0" timeout="0" aborted="0" inconclusive="0" passedButRunAborted="0" notRunnable="0" notExecuted="0" disconnected="0" warning="0" completed="0" inProgress="0" pending="0" />
  </ResultSummary>
  <TestDefinitions>
    <UnitTest name="extractTest" storage="c:\users\sandh_000\documents\visual studio 2010\projects\uniquecharstr\uniquechartest\bin\debug\uniquechartest.dll" id="808d2109-e220-6795-4dde-6c94cf4f9b13">
      <Execution id="6da2022c-9a72-4d8f-aaf3-d228743e35ad" />
      <TestMethod codeBase="c:/users/sandh_000/documents/visual studio 2010/Projects/uniqueCharStr/UniqueCharTest/bin/Debug/UniqueCharTest.DLL" adapterTypeName="Microsoft.VisualStudio.TestTools.TestTypes.Unit.UnitTestAdapter, Microsoft.VisualStudio.QualityTools.Tips.UnitTest.Adapter, Version=10.0.0.0, Culture=neutral, PublicKeyToken=b03f5f7f11d50a3a" className="UniqueCharTest.UniqueTest, UniqueCharTest, Version=1.0.0.0, Culture=neutral, PublicKeyToken=null" name="extractTest" />
    </UnitTest>
  </TestDefinitions>
  <TestLists>
    <TestList name="Results Not in a List" id="8c84fa94-04c1-424b-9868-57a2d4851a1d" />
    <TestList name="All Loaded Results" id="19431567-8539-422a-85d7-44ee4e166bda" />
  </TestLists>
  <TestEntries>
    <TestEntry testId="808d2109-e220-6795-4dde-6c94cf4f9b13" executionId="6da2022c-9a72-4d8f-aaf3-d228743e35ad" testListId="8c84fa94-04c1-424b-9868-57a2d4851a1d" />
  </TestEntries>
  <Results>
    <UnitTestResult executionId="6da2022c-9a72-4d8f-aaf3-d228743e35ad" testId="808d2109-e220-6795-4dde-6c94cf4f9b13" testName="extractTest" computerName="VAIO" duration="00:00:00.1583248" startTime="2014-04-23T22:51:08.4342851-07:00" endTime="2014-04-23T22:51:09.1378497-07:00" testType="13cdc9d9-ddb5-4fa4-a97d-d965ccfc6d4b" outcome="Passed" testListId="8c84fa94-04c1-424b-9868-57a2d4851a1d" relativeResultsDirectory="6da2022c-9a72-4d8f-aaf3-d228743e35ad">
    </UnitTestResult>
  </Results>
</TestRun>