<?xml version="1.0" encoding="UTF-8"?>
<TestRun id="b30b99d9-61c6-43f3-b101-1634c08378bf" name="sandh_000@VAIO 2014-04-23 22:58:38" runUser="VAIO\sandh_000" xmlns="http://microsoft.com/schemas/VisualStudio/TeamTest/2010">
  <TestSettings name="Local" id="d8870dd0-dd74-45eb-ae4c-4bb7677e52f6">
    <Description>These are default test settings for a local test run.</Description>
    <Deployment enabled="false" runDeploymentRoot="sandh_000_VAIO 2014-04-23 22_58_38">
      <DeploymentItem filename="c:\users\sandh_000\documents\visual studio 2010\Projects\uniqueCharStr\uniqueCharStr\bin\Debug\uniqueCharStr.exe" />
    </Deployment>
    <Execution>
      <TestTypeSpecific />
      <AgentRule name="Execution Agents">
      </AgentRule>
    </Execution>
  </TestSettings>
  <Times creation="2014-04-23T22:58:38.4824596-07:00" queuing="2014-04-23T22:58:38.5715144-07:00" start="2014-04-23T22:58:38.5805199-07:00" finish="2014-04-23T22:58:39.0448273-07:00" />
  <ResultSummary outcome="Failed">
    <Counters total="2" executed="2" passed="1" error="0" failed="1" timeout="0" aborted="0" inconclusive="0" passedButRunAborted="0" notRunnable="0" notExecuted="0" disconnected="0" warning="0" completed="0" inProgress="0" pending="0" />
  </ResultSummary>
  <TestDefinitions>
    <UnitTest name="extractTest_PASS" storage="c:\users\sandh_000\documents\visual studio 2010\projects\uniquecharstr\uniquechartest\bin\debug\uniquechartest.dll" id="bcafcf9b-1fa7-e677-3189-7a194d9d1db5">
      <Execution id="5fc2bb23-4880-4c2c-88ca-5b0714572ce8" />
      <TestMethod codeBase="c:/users/sandh_000/documents/visual studio 2010/Projects/uniqueCharStr/UniqueCharTest/bin/Debug/UniqueCharTest.DLL" adapterTypeName="Microsoft.VisualStudio.TestTools.TestTypes.Unit.UnitTestAdapter, Microsoft.VisualStudio.QualityTools.Tips.UnitTest.Adapter, Version=10.0.0.0, Culture=neutral, PublicKeyToken=b03f5f7f11d50a3a" className="UniqueCharTest.UniqueTest, UniqueCharTest, Version=1.0.0.0, Culture=neutral, PublicKeyToken=null" name="extractTest_PASS" />
    </UnitTest>
    <UnitTest name="extractTest_Fail" storage="c:\users\sandh_000\documents\visual studio 2010\projects\uniquecharstr\uniquechartest\bin\debug\uniquechartest.dll" id="b6b3ee59-164c-b1ad-3a15-0115ae8838e3">
      <Execution id="733745e2-1205-416f-90d6-abdd4895d280" />
      <TestMethod codeBase="c:/users/sandh_000/documents/visual studio 2010/Projects/uniqueCharStr/UniqueCharTest/bin/Debug/UniqueCharTest.DLL" adapterTypeName="Microsoft.VisualStudio.TestTools.TestTypes.Unit.UnitTestAdapter, Microsoft.VisualStudio.QualityTools.Tips.UnitTest.Adapter, Version=10.0.0.0, Culture=neutral, PublicKeyToken=b03f5f7f11d50a3a" className="UniqueCharTest.UniqueTest, UniqueCharTest, Version=1.0.0.0, Culture=neutral, PublicKeyToken=null" name="extractTest_Fail" />
    </UnitTest>
  </TestDefinitions>
  <TestLists>
    <TestList name="Results Not in a List" id="8c84fa94-04c1-424b-9868-57a2d4851a1d" />
    <TestList name="All Loaded Results" id="19431567-8539-422a-85d7-44ee4e166bda" />
  </TestLists>
  <TestEntries>
    <TestEntry testId="b6b3ee59-164c-b1ad-3a15-0115ae8838e3" executionId="733745e2-1205-416f-90d6-abdd4895d280" testListId="8c84fa94-04c1-424b-9868-57a2d4851a1d" />
    <TestEntry testId="bcafcf9b-1fa7-e677-3189-7a194d9d1db5" executionId="5fc2bb23-4880-4c2c-88ca-5b0714572ce8" testListId="8c84fa94-04c1-424b-9868-57a2d4851a1d" />
  </TestEntries>
  <Results>
    <UnitTestResult executionId="733745e2-1205-416f-90d6-abdd4895d280" testId="b6b3ee59-164c-b1ad-3a15-0115ae8838e3" testName="extractTest_Fail" computerName="VAIO" duration="00:00:00.0548652" startTime="2014-04-23T22:58:38.5915314-07:00" endTime="2014-04-23T22:58:39.0108089-07:00" testType="13cdc9d9-ddb5-4fa4-a97d-d965ccfc6d4b" outcome="Failed" testListId="8c84fa94-04c1-424b-9868-57a2d4851a1d" relativeResultsDirectory="733745e2-1205-416f-90d6-abdd4895d280">
      <Output>
        <ErrorInfo>
          <Message>Assert.AreEqual failed. Expected:&lt;KJSH&gt;. Actual:&lt;AKJSH&gt;. </Message>
          <StackTrace>   at UniqueCharTest.UniqueTest.extractTest_Fail() in c:\users\sandh_000\documents\visual studio 2010\Projects\uniqueCharStr\UniqueCharTest\UniqueTest.cs:line 38
</StackTrace>
        </ErrorInfo>
      </Output>
    </UnitTestResult>
    <UnitTestResult executionId="5fc2bb23-4880-4c2c-88ca-5b0714572ce8" testId="bcafcf9b-1fa7-e677-3189-7a194d9d1db5" testName="extractTest_PASS" computerName="VAIO" duration="00:00:00.0004119" startTime="2014-04-23T22:58:39.0158076-07:00" endTime="2014-04-23T22:58:39.0198149-07:00" testType="13cdc9d9-ddb5-4fa4-a97d-d965ccfc6d4b" outcome="Passed" testListId="8c84fa94-04c1-424b-9868-57a2d4851a1d" relativeResultsDirectory="5fc2bb23-4880-4c2c-88ca-5b0714572ce8">
    </UnitTestResult>
  </Results>
</TestRun>